Start testing: Nov 13 15:37 CET
----------------------------------------------------------
1/2 Testing: testing.fail
1/2 Test: testing.fail
Command: "/home/christian/ProgrammerParty/build/hello_test" "--gtest_filter=testing.fail" "--gtest_also_run_disabled_tests"
Directory: /home/christian/ProgrammerParty/build
"testing.fail" start time: Nov 13 15:37 CET
Output:
----------------------------------------------------------
Running main() from /home/christian/ProgrammerParty/build/_deps/googletest-src/googletest/src/gtest_main.cc
Note: Google Test filter = testing.fail
[==========] Running 1 test from 1 test suite.
[----------] Global test environment set-up.
[----------] 1 test from testing
[ RUN      ] testing.fail
/home/christian/ProgrammerParty/hello_test.cc:15: Failure
Expected equality of these values:
  false
  true
[  FAILED  ] testing.fail (0 ms)
[----------] 1 test from testing (0 ms total)

[----------] Global test environment tear-down
[==========] 1 test from 1 test suite ran. (0 ms total)
[  PASSED  ] 0 tests.
[  FAILED  ] 1 test, listed below:
[  FAILED  ] testing.fail

 1 FAILED TEST
<end of output>
Test time =   0.00 sec
----------------------------------------------------------
Test Failed.
"testing.fail" end time: Nov 13 15:37 CET
"testing.fail" time elapsed: 00:00:00
----------------------------------------------------------

2/2 Testing: testing.succeed
2/2 Test: testing.succeed
Command: "/home/christian/ProgrammerParty/build/hello_test" "--gtest_filter=testing.succeed" "--gtest_also_run_disabled_tests"
Directory: /home/christian/ProgrammerParty/build
"testing.succeed" start time: Nov 13 15:37 CET
Output:
----------------------------------------------------------
Running main() from /home/christian/ProgrammerParty/build/_deps/googletest-src/googletest/src/gtest_main.cc
Note: Google Test filter = testing.succeed
[==========] Running 1 test from 1 test suite.
[----------] Global test environment set-up.
[----------] 1 test from testing
[ RUN      ] testing.succeed
[       OK ] testing.succeed (0 ms)
[----------] 1 test from testing (0 ms total)

[----------] Global test environment tear-down
[==========] 1 test from 1 test suite ran. (0 ms total)
[  PASSED  ] 1 test.
<end of output>
Test time =   0.00 sec
----------------------------------------------------------
Test Passed.
"testing.succeed" end time: Nov 13 15:37 CET
"testing.succeed" time elapsed: 00:00:00
----------------------------------------------------------

End testing: Nov 13 15:37 CET
